{
  "RSpec": {
    "coverage": {
      "/Users/adamgamble/rails/simcity/lib/simcity.rb": [
        1,
        1,
        1,
        1,
        1,
        1,
        1
      ],
      "/Users/adamgamble/rails/simcity/lib/simcity/map.rb": [
        1,
        1,
        1,
        1,
        12,
        12,
        12,
        null,
        null,
        1,
        1,
        1,
        null,
        null,
        1,
        7,
        null,
        null,
        1,
        null,
        4,
        9,
        236,
        null,
        null,
        null,
        null,
        1,
        5,
        5,
        5,
        null,
        null,
        1,
        0,
        null,
        null,
        1,
        10,
        28,
        372,
        null,
        null,
        null,
        null,
        1,
        11,
        null,
        null,
        1,
        16,
        null,
        null,
        1,
        2,
        2,
        110,
        10100,
        5,
        null,
        null,
        null,
        2,
        null,
        null,
        1,
        1,
        12,
        12,
        755,
        755,
        70550,
        null,
        755,
        null,
        null,
        null,
        1,
        1,
        5,
        null,
        null,
        1,
        4,
        null,
        null,
        1,
        4,
        null,
        null,
        1,
        4,
        null,
        null,
        null,
        null
      ],
      "/Users/adamgamble/rails/simcity/lib/simcity/map_cell.rb": [
        1,
        null,
        1,
        1,
        null,
        1,
        70552,
        null,
        null,
        1,
        12,
        null,
        null,
        1,
        10,
        null,
        null,
        1,
        0,
        null,
        null,
        null
      ],
      "/Users/adamgamble/rails/simcity/lib/simcity/structure.rb": [
        1,
        1,
        1,
        null,
        1,
        10,
        null,
        null,
        1,
        1,
        null,
        null,
        1,
        1,
        null,
        null,
        1,
        null,
        null,
        1,
        null,
        null,
        null
      ],
      "/Users/adamgamble/rails/simcity/lib/simcity/actor.rb": [
        1,
        1,
        null,
        1,
        null,
        1,
        6,
        null,
        null,
        1,
        null,
        null,
        null,
        1,
        3,
        null,
        null,
        1,
        null,
        null,
        1,
        1,
        2,
        null,
        null,
        1,
        0,
        0,
        0,
        0,
        0,
        null,
        null,
        null,
        null
      ],
      "/Users/adamgamble/rails/simcity/lib/simcity/power_plant.rb": [
        1,
        1,
        1,
        null,
        1,
        6,
        6,
        null,
        null,
        1,
        2,
        null,
        null,
        1,
        2,
        6,
        null,
        2,
        3,
        2,
        null,
        null,
        null
      ],
      "/Users/adamgamble/rails/simcity/lib/simcity/renderer.rb": [
        1,
        1,
        1,
        6,
        null,
        6,
        6,
        null,
        null,
        1,
        null,
        null,
        null,
        null,
        1,
        1,
        1,
        1,
        1,
        1
      ],
      "/Users/adamgamble/rails/simcity/lib/simcity/renderer/actor/power.rb": [
        1,
        1,
        1,
        2,
        null,
        null,
        null
      ],
      "/Users/adamgamble/rails/simcity/lib/simcity/renderer/structure.rb": [
        1,
        1,
        1,
        1,
        null,
        null,
        null
      ],
      "/Users/adamgamble/rails/simcity/lib/simcity/renderer/power_plant.rb": [
        1,
        1,
        1,
        4,
        null,
        null,
        null
      ],
      "/Users/adamgamble/rails/simcity/lib/simcity/renderer/map_cell.rb": [
        1,
        1,
        1,
        null,
        1,
        402,
        null,
        null,
        1,
        402,
        6,
        6,
        null,
        null,
        null
      ],
      "/Users/adamgamble/rails/simcity/lib/simcity/renderer/map.rb": [
        1,
        1,
        1,
        null,
        1,
        4,
        null,
        null,
        1,
        4,
        40,
        400,
        null,
        null,
        null,
        null,
        null
      ],
      "/Users/adamgamble/rails/simcity/lib/simcity/renderer/road.rb": [
        1,
        1,
        1,
        1,
        null,
        null,
        null,
        null
      ],
      "/Users/adamgamble/rails/simcity/spec/actor_spec.rb": [
        1,
        null,
        1,
        null,
        1,
        2,
        null,
        null,
        1,
        1,
        null,
        null,
        1,
        1,
        null,
        null
      ],
      "/Users/adamgamble/rails/simcity/spec/integration/simple_map_render_spec.rb": [
        1,
        null,
        1,
        1,
        1,
        1,
        null,
        null,
        null,
        null,
        null,
        null,
        null,
        null,
        null,
        null,
        null,
        1,
        null,
        null,
        1,
        1,
        1,
        1,
        null,
        null,
        null,
        null,
        null,
        null,
        null,
        null,
        null,
        null,
        null,
        1,
        null,
        null,
        1,
        1,
        1,
        1,
        1,
        null,
        null,
        null,
        null,
        null,
        null,
        null,
        null,
        null,
        null,
        null,
        1,
        null,
        1,
        1,
        1,
        1,
        1,
        1,
        null,
        null,
        null,
        null,
        null,
        null,
        null,
        null,
        null,
        null,
        null,
        1,
        null,
        null
      ],
      "/Users/adamgamble/rails/simcity/spec/map_cell_renderer_spec.rb": [
        1,
        null,
        1,
        1,
        2,
        2,
        null,
        null,
        1,
        1,
        1,
        null,
        null,
        1,
        1,
        1,
        1,
        1,
        1,
        1,
        1,
        1,
        1,
        null,
        null
      ],
      "/Users/adamgamble/rails/simcity/spec/map_cell_spec.rb": [
        1,
        null,
        1,
        1,
        2,
        2,
        null,
        null,
        1,
        1,
        1,
        1,
        null,
        null,
        1,
        1,
        1,
        1,
        4,
        null,
        1,
        null,
        null
      ],
      "/Users/adamgamble/rails/simcity/spec/map_point_spec.rb": [
        1,
        null,
        1,
        1,
        5,
        null,
        null,
        1,
        1,
        1,
        null,
        null,
        1,
        1,
        1,
        null,
        1,
        1,
        null,
        1,
        1,
        null,
        1,
        1,
        null,
        null,
        null
      ],
      "/Users/adamgamble/rails/simcity/spec/map_spec.rb": [
        1,
        null,
        1,
        null,
        1,
        1,
        1,
        1,
        1,
        null,
        null,
        1,
        1,
        1,
        1,
        null,
        null,
        1,
        1,
        1,
        1,
        1,
        100,
        null,
        null,
        null,
        null,
        1,
        1,
        1,
        1,
        null,
        null,
        null,
        1,
        1,
        3,
        3,
        3,
        3,
        3,
        null,
        1,
        1,
        null,
        null,
        1,
        1,
        null,
        null,
        1,
        1,
        null,
        null,
        null,
        null,
        1,
        1,
        1,
        1,
        1,
        1,
        4,
        1,
        1,
        1,
        1,
        null,
        null,
        null
      ],
      "/Users/adamgamble/rails/simcity/spec/power_actor_spec.rb": [
        1,
        null,
        1,
        1,
        2,
        null,
        null,
        1,
        1,
        null,
        null,
        1,
        1,
        null,
        null
      ],
      "/Users/adamgamble/rails/simcity/spec/power_plant_renderer_spec.rb": [
        1,
        null,
        1,
        1,
        1,
        null,
        null,
        1,
        1,
        null,
        null
      ],
      "/Users/adamgamble/rails/simcity/spec/power_plant_spec.rb": [
        1,
        null,
        1,
        1,
        3,
        3,
        null,
        null,
        1,
        1,
        null,
        null,
        1,
        1,
        null,
        null,
        1,
        1,
        1,
        1,
        1,
        1,
        1,
        1,
        1,
        1,
        1,
        1,
        1,
        1,
        1,
        1,
        1,
        1,
        1,
        1,
        null,
        null
      ],
      "/Users/adamgamble/rails/simcity/spec/renderer_spec.rb": [
        1,
        null,
        1,
        1,
        1,
        null,
        null,
        1,
        1,
        1,
        1,
        1,
        1,
        1,
        null,
        1,
        null,
        null
      ],
      "/Users/adamgamble/rails/simcity/spec/structure_renderer_spec.rb": [
        1,
        null,
        1,
        1,
        1,
        null,
        null,
        1,
        1,
        null,
        null
      ],
      "/Users/adamgamble/rails/simcity/spec/structure_spec.rb": [
        1,
        null,
        1,
        1,
        1,
        1,
        null,
        null,
        1,
        1,
        1,
        1,
        1,
        null,
        null
      ]
    },
    "timestamp": 1351892068
  }
}
